0 info it worked if it ends with ok
1 verbose cli [ 'c:\\Program Files\\nodejs\\node.exe',
1 verbose cli   'c:\\Program Files\\nodejs\\node_modules\\npm\\bin\\npm-cli.js',
1 verbose cli   'install',
1 verbose cli   '-g',
1 verbose cli   'ursa' ]
2 info using npm@1.4.14
3 info using node@v0.10.29
4 verbose cache add [ 'ursa', null ]
5 verbose cache add name=undefined spec="ursa" args=["ursa",null]
6 verbose parsed url { protocol: null,
6 verbose parsed url   slashes: null,
6 verbose parsed url   auth: null,
6 verbose parsed url   host: null,
6 verbose parsed url   port: null,
6 verbose parsed url   hostname: null,
6 verbose parsed url   hash: null,
6 verbose parsed url   search: null,
6 verbose parsed url   query: null,
6 verbose parsed url   pathname: 'ursa',
6 verbose parsed url   path: 'ursa',
6 verbose parsed url   href: 'ursa' }
7 silly lockFile 00b64613-ursa ursa
8 verbose lock ursa C:\Users\atang\AppData\Roaming\npm-cache\00b64613-ursa.lock
9 silly lockFile 00b64613-ursa ursa
10 silly lockFile 00b64613-ursa ursa
11 verbose addNamed [ 'ursa', '' ]
12 verbose addNamed [ null, '*' ]
13 silly lockFile 1ba2ee99-ursa ursa@
14 verbose lock ursa@ C:\Users\atang\AppData\Roaming\npm-cache\1ba2ee99-ursa.lock
15 silly addNameRange { name: 'ursa', range: '*', hasData: false }
16 verbose url raw ursa
17 verbose url resolving [ 'https://registry.npmjs.org/', './ursa' ]
18 verbose url resolved https://registry.npmjs.org/ursa
19 info trying registry request attempt 1 at 13:43:31
20 verbose etag "ENHR049ELUJTI5R912863AZRT"
21 http GET https://registry.npmjs.org/ursa
22 http 304 https://registry.npmjs.org/ursa
23 silly registry.get cb [ 304,
23 silly registry.get   { date: 'Fri, 09 Jan 2015 12:43:31 GMT',
23 silly registry.get     server: 'Apache',
23 silly registry.get     via: '1.1 varnish',
23 silly registry.get     'last-modified': 'Fri, 09 Jan 2015 12:43:32 GMT',
23 silly registry.get     'cache-control': 'max-age=60',
23 silly registry.get     etag: '"ENHR049ELUJTI5R912863AZRT"',
23 silly registry.get     age: '0',
23 silly registry.get     'x-served-by': 'cache-lhr6320-LHR',
23 silly registry.get     'x-cache': 'MISS',
23 silly registry.get     'x-cache-hits': '0',
23 silly registry.get     'x-timer': 'S1420807411.543984,VS0,VE639',
23 silly registry.get     vary: 'Accept',
23 silly registry.get     'content-length': '0',
23 silly registry.get     'keep-alive': 'timeout=10, max=50',
23 silly registry.get     connection: 'Keep-Alive' } ]
24 verbose etag ursa from cache
25 silly addNameRange number 2 { name: 'ursa', range: '*', hasData: true }
26 silly addNameRange versions [ 'ursa',
26 silly addNameRange   [ '0.4.10',
26 silly addNameRange     '0.4.11',
26 silly addNameRange     '0.4.12',
26 silly addNameRange     '0.4.13',
26 silly addNameRange     '0.6.0',
26 silly addNameRange     '0.6.1',
26 silly addNameRange     '0.6.2',
26 silly addNameRange     '0.6.3',
26 silly addNameRange     '0.6.4',
26 silly addNameRange     '0.6.5',
26 silly addNameRange     '0.6.6',
26 silly addNameRange     '0.6.7',
26 silly addNameRange     '0.6.8',
26 silly addNameRange     '0.6.9',
26 silly addNameRange     '0.7.0',
26 silly addNameRange     '0.8.0',
26 silly addNameRange     '0.8.1' ] ]
27 verbose addNamed [ 'ursa', '0.8.1' ]
28 verbose addNamed [ '0.8.1', '0.8.1' ]
29 silly lockFile 8dce5451-ursa-0-8-1 ursa@0.8.1
30 verbose lock ursa@0.8.1 C:\Users\atang\AppData\Roaming\npm-cache\8dce5451-ursa-0-8-1.lock
31 silly lockFile 8dce5451-ursa-0-8-1 ursa@0.8.1
32 silly lockFile 8dce5451-ursa-0-8-1 ursa@0.8.1
33 silly lockFile 1ba2ee99-ursa ursa@
34 silly lockFile 1ba2ee99-ursa ursa@
35 silly resolved [ { name: 'ursa',
35 silly resolved     version: '0.8.1',
35 silly resolved     keywords:
35 silly resolved      [ 'crypto',
35 silly resolved        'key',
35 silly resolved        'openssl',
35 silly resolved        'private',
35 silly resolved        'public',
35 silly resolved        'rsa',
35 silly resolved        'sign',
35 silly resolved        'signature',
35 silly resolved        'verify',
35 silly resolved        'verification',
35 silly resolved        'hash',
35 silly resolved        'digest' ],
35 silly resolved     description: 'RSA public/private key OpenSSL bindings for Node.js',
35 silly resolved     homepage: 'https://github.com/NodePrime/ursa',
35 silly resolved     repository: { type: 'git', url: 'https://github.com/NodePrime/ursa.git' },
35 silly resolved     licenses: [ [Object] ],
35 silly resolved     author:
35 silly resolved      { name: 'Dan Bornstein',
35 silly resolved        email: 'danfuzz@milk.com',
35 silly resolved        url: 'http://www.milk.com/' },
35 silly resolved     maintainers: [ [Object], [Object], [Object], [Object], [Object] ],
35 silly resolved     main: 'lib/ursa.js',
35 silly resolved     engine: { node: '>=0.6.0' },
35 silly resolved     scripts:
35 silly resolved      { install: 'node-gyp configure && node-gyp build && node install.js',
35 silly resolved        test: 'node test/test.js' },
35 silly resolved     gitHead: '9374ce05813710b3013ec1268d8f717da6907cb3',
35 silly resolved     bugs: { url: 'https://github.com/NodePrime/ursa/issues' },
35 silly resolved     _id: 'ursa@0.8.1',
35 silly resolved     _shasum: 'c9554433555ff7d3c8c2c3ab7e0f64d263b07b36',
35 silly resolved     _from: 'ursa@',
35 silly resolved     _npmVersion: '1.4.28',
35 silly resolved     _npmUser: { name: 'quartzjer', email: 'jeremie@jabber.org' },
35 silly resolved     dist:
35 silly resolved      { shasum: 'c9554433555ff7d3c8c2c3ab7e0f64d263b07b36',
35 silly resolved        tarball: 'http://registry.npmjs.org/ursa/-/ursa-0.8.1.tgz' },
35 silly resolved     directories: {},
35 silly resolved     _resolved: 'https://registry.npmjs.org/ursa/-/ursa-0.8.1.tgz',
35 silly resolved     readme: 'ERROR: No README data found!' } ]
36 info install ursa@0.8.1 into C:\Users\atang\AppData\Roaming\npm
37 info installOne ursa@0.8.1
38 info C:\Users\atang\AppData\Roaming\npm\node_modules\ursa unbuild
39 verbose tar unpack C:\Users\atang\AppData\Roaming\npm-cache\ursa\0.8.1\package.tgz
40 silly lockFile 629ee99e-ta-Roaming-npm-node-modules-ursa tar://C:\Users\atang\AppData\Roaming\npm\node_modules\ursa
41 verbose lock tar://C:\Users\atang\AppData\Roaming\npm\node_modules\ursa C:\Users\atang\AppData\Roaming\npm-cache\629ee99e-ta-Roaming-npm-node-modules-ursa.lock
42 silly lockFile 756ccbe9-npm-cache-ursa-0-8-1-package-tgz tar://C:\Users\atang\AppData\Roaming\npm-cache\ursa\0.8.1\package.tgz
43 verbose lock tar://C:\Users\atang\AppData\Roaming\npm-cache\ursa\0.8.1\package.tgz C:\Users\atang\AppData\Roaming\npm-cache\756ccbe9-npm-cache-ursa-0-8-1-package-tgz.lock
44 silly gunzTarPerm modes [ '755', '644' ]
45 silly gunzTarPerm extractEntry package.json
46 silly gunzTarPerm extractEntry .npmignore
47 silly gunzTarPerm extractEntry README.md
48 silly gunzTarPerm extractEntry install.js
49 silly gunzTarPerm extractEntry .travis.yml
50 silly gunzTarPerm extractEntry LICENSE.txt
51 silly gunzTarPerm extractEntry lib/ursa.js
52 silly gunzTarPerm extractEntry test/fixture.js
53 silly gunzTarPerm extractEntry test/native.js
54 silly gunzTarPerm extractEntry test/test.js
55 silly gunzTarPerm extractEntry test/blort-pass.pem
56 silly gunzTarPerm extractEntry test/blort.pem
57 silly gunzTarPerm extractEntry test/blort.pub
58 silly gunzTarPerm extractEntry test/blort.sshpub
59 silly gunzTarPerm extractEntry test/zorch.pem
60 silly gunzTarPerm extractEntry test/zorch.pub
61 silly gunzTarPerm extractEntry src/asprintf.cc
62 silly gunzTarPerm extractEntry src/asprintf.h
63 silly gunzTarPerm extractEntry src/ursaNative.cc
64 silly gunzTarPerm extractEntry src/ursaNative.h
65 silly gunzTarPerm extractEntry binding.gyp
66 silly lockFile 629ee99e-ta-Roaming-npm-node-modules-ursa tar://C:\Users\atang\AppData\Roaming\npm\node_modules\ursa
67 silly lockFile 629ee99e-ta-Roaming-npm-node-modules-ursa tar://C:\Users\atang\AppData\Roaming\npm\node_modules\ursa
68 silly lockFile 756ccbe9-npm-cache-ursa-0-8-1-package-tgz tar://C:\Users\atang\AppData\Roaming\npm-cache\ursa\0.8.1\package.tgz
69 silly lockFile 756ccbe9-npm-cache-ursa-0-8-1-package-tgz tar://C:\Users\atang\AppData\Roaming\npm-cache\ursa\0.8.1\package.tgz
70 info preinstall ursa@0.8.1
71 verbose readDependencies using package.json deps
72 verbose readDependencies using package.json deps
73 silly resolved []
74 verbose about to build C:\Users\atang\AppData\Roaming\npm\node_modules\ursa
75 info build C:\Users\atang\AppData\Roaming\npm\node_modules\ursa
76 verbose linkStuff [ true,
76 verbose linkStuff   'C:\\Users\\atang\\AppData\\Roaming\\npm\\node_modules',
76 verbose linkStuff   true,
76 verbose linkStuff   'C:\\Users\\atang\\AppData\\Roaming\\npm\\node_modules' ]
77 info linkStuff ursa@0.8.1
78 verbose linkBins ursa@0.8.1
79 verbose linkMans ursa@0.8.1
80 verbose rebuildBundles ursa@0.8.1
81 info install ursa@0.8.1
82 verbose unsafe-perm in lifecycle true
83 info ursa@0.8.1 Failed to exec install script
84 info C:\Users\atang\AppData\Roaming\npm\node_modules\ursa unbuild
85 info preuninstall ursa@0.8.1
86 info uninstall ursa@0.8.1
87 verbose true,C:\Users\atang\AppData\Roaming\npm\node_modules,C:\Users\atang\AppData\Roaming\npm\node_modules unbuild ursa@0.8.1
88 info postuninstall ursa@0.8.1
89 error ursa@0.8.1 install: `node-gyp configure && node-gyp build && node install.js`
89 error Exit status 1
90 error Failed at the ursa@0.8.1 install script.
90 error This is most likely a problem with the ursa package,
90 error not with npm itself.
90 error Tell the author that this fails on your system:
90 error     node-gyp configure && node-gyp build && node install.js
90 error You can get their info via:
90 error     npm owner ls ursa
90 error There is likely additional logging output above.
91 error System Windows_NT 6.2.9200
92 error command "c:\\Program Files\\nodejs\\node.exe" "c:\\Program Files\\nodejs\\node_modules\\npm\\bin\\npm-cli.js" "install" "-g" "ursa"
93 error cwd C:\jumio\con-rest
94 error node -v v0.10.29
95 error npm -v 1.4.14
96 error code ELIFECYCLE
97 verbose exit [ 1, true ]
